<?xml version="1.0" encoding="UTF-8"?>
<!-- Generated by org.testng.reporters.JUnitReportReporter -->
<testsuite skipped="0" hostname="DESKTOP-APKP2PU" name="Runner.TestRunner_LoginPage" tests="1" failures="0" timestamp="12 Jan 2020 05:03:17 GMT" time="13.706" errors="0">
  <testcase name="feature" time="13.706" classname="Runner.TestRunner_LoginPage"/>
</testsuite> <!-- Runner.TestRunner_LoginPage -->
