<?xml version="1.0" encoding="UTF-8"?>
<!-- Generated by org.testng.reporters.JUnitReportReporter -->
<testsuite skipped="0" hostname="DESKTOP-APKP2PU" name="Runner.TestRunner_LoginPage" tests="1" failures="0" timestamp="28 Jan 2020 11:32:22 GMT" time="15.152" errors="0">
  <testcase name="feature" time="15.152" classname="Runner.TestRunner_LoginPage"/>
</testsuite> <!-- Runner.TestRunner_LoginPage -->
