<?xml version="1.0" encoding="UTF-8"?>
<!-- Generated by org.testng.reporters.JUnitReportReporter -->
<testsuite skipped="0" hostname="DESKTOP-APKP2PU" name="Runner.TestRunner_LoginPage" tests="1" failures="0" timestamp="29 Jan 2020 11:53:52 GMT" time="15.058" errors="0">
  <testcase name="feature" time="15.058" classname="Runner.TestRunner_LoginPage"/>
</testsuite> <!-- Runner.TestRunner_LoginPage -->
