<?xml version="1.0" encoding="UTF-8"?>
<!-- Generated by org.testng.reporters.JUnitReportReporter -->
<testsuite skipped="0" hostname="DESKTOP-APKP2PU" name="Runner.TestRunner_LoginPage" tests="1" failures="0" timestamp="25 Oct 2019 07:15:48 GMT" time="6.442" errors="0">
  <testcase name="feature" time="6.442" classname="Runner.TestRunner_LoginPage"/>
</testsuite> <!-- Runner.TestRunner_LoginPage -->
